<?xml version="1.0" encoding="UTF-8"?>
<testsuite xmlns:xsi="http://www.w3.org/2001/XMLSchema-instance" xsi:noNamespaceSchemaLocation="https://maven.apache.org/surefire/maven-surefire-plugin/xsd/surefire-test-report-3.0.xsd" version="3.0" name="com.yarraneella.hotel.DeploymentApplicationTests" time="6.765" tests="1" errors="0" skipped="0" failures="0">
  <properties>
[...]
</properties>
  <testcase name="contextLoads" classname="com.yarraneella.hotel.DeploymentApplicationTests" time="2.275">
    <system-out><![CDATA[12:37:41.886 [main] INFO org.springframework.test.context.support.AnnotationConfigContextLoaderUtils -- Could not detect default configuration classes for test class [com.yarraneella.hotel.DeploymentApplicationTests]: DeploymentApplicationTests does not declare any static, non-private, non-final, nested classes annotated with @Configuration.
12:37:42.158 [main] INFO org.springframework.boot.test.context.SpringBootTestContextBootstrapper -- Found @SpringBootConfiguration com.yarraneella.hotel.DeploymentApplication for test class com.yarraneella.hotel.DeploymentApplicationTests

  .   ____          _            __ _ _
 /\\ / ___'_ __ _ _(_)_ __  __ _ \ \ \ \
( ( )\___ | '_ | '_| | '_ \/ _` | \ \ \ \
 \\/  ___)| |_)| | | | | || (_| |  ) ) ) )
  '  |____| .__|_| |_|_| |_\__, | / / / /
 =========|_|==============|___/=/_/_/_/
 :: Spring Boot ::                (v3.2.2)

2024-01-28T12:37:43.114+05:30  INFO 18368 --- [           main] c.y.hotel.DeploymentApplicationTests     : Starting DeploymentApplicationTests using Java 17.0.4 with PID 18368 (started by yredd in C:\Users\yredd\Downloads\Daily\Deployment)
2024-01-28T12:37:43.117+05:30  INFO 18368 --- [           main] c.y.hotel.DeploymentApplicationTests     : No active profile set, falling back to 1 default profile: "default"
2024-01-28T12:37:45.909+05:30  INFO 18368 --- [           main] c.y.hotel.DeploymentApplicationTests     : Started DeploymentApplicationTests in 3.36 seconds (process running for 6.338)
]]></system-out>
  </testcase>
</testsuite>